# JRE version: Java(TM) SE Runtime Environment (8.0_121-b13) (build 1.8.0_121-b13)
# Java VM: Java HotSpot(TM) 64-Bit Server VM (25.121-b13 mixed mode windows-amd64 compressed oops)
Heap:
 PSYoungGen      total 70656K, used 39551K [0x00000000d6900000, 0x00000000db300000, 0x0000000100000000)
  eden space 65536K, 58% used [0x00000000d6900000,0x00000000d8ea7c10,0x00000000da900000)
  from space 5120K, 19% used [0x00000000dae00000,0x00000000daef8000,0x00000000db300000)
  to   space 5120K, 0% used [0x00000000da900000,0x00000000da900000,0x00000000dae00000)
 ParOldGen       total 86016K, used 24K [0x0000000083a00000, 0x0000000088e00000, 0x00000000d6900000)
  object space 86016K, 0% used [0x0000000083a00000,0x0000000083a06000,0x0000000088e00000)
 Metaspace       used 5771K, capacity 6039K, committed 6272K, reserved 1056768K
  class space    used 572K, capacity 638K, committed 640K, reserved 1048576K
GC Heap History (8 events):
Event: 2.413 GC heap before
{Heap before GC invocations=1 (full 0):
 PSYoungGen      total 37888K, used 32768K [0x00000000d6900000, 0x00000000d9300000, 0x0000000100000000)
  eden space 32768K, 100% used [0x00000000d6900000,0x00000000d8900000,0x00000000d8900000)
  from space 5120K, 0% used [0x00000000d8e00000,0x00000000d8e00000,0x00000000d9300000)
  to   space 5120K, 0% used [0x00000000d8900000,0x00000000d8900000,0x00000000d8e00000)
 ParOldGen       total 86016K, used 0K [0x0000000083a00000, 0x0000000088e00000, 0x00000000d6900000)
  object space 86016K, 0% used [0x0000000083a00000,0x0000000083a00000,0x0000000088e00000)
 Metaspace       used 4552K, capacity 5615K, committed 5888K, reserved 1056768K
  class space    used 430K, capacity 456K, committed 512K, reserved 1048576K
Event: 2.435 GC heap after
Heap after GC invocations=1 (full 0):
 PSYoungGen      total 37888K, used 1457K [0x00000000d6900000, 0x00000000d9300000, 0x0000000100000000)
  eden space 32768K, 0% used [0x00000000d6900000,0x00000000d6900000,0x00000000d8900000)
  from space 5120K, 28% used [0x00000000d8900000,0x00000000d8a6c488,0x00000000d8e00000)
  to   space 5120K, 0% used [0x00000000d8e00000,0x00000000d8e00000,0x00000000d9300000)
 ParOldGen       total 86016K, used 8K [0x0000000083a00000, 0x0000000088e00000, 0x00000000d6900000)
  object space 86016K, 0% used [0x0000000083a00000,0x0000000083a02000,0x0000000088e00000)
 Metaspace       used 4552K, capacity 5615K, committed 5888K, reserved 1056768K
  class space    used 430K, capacity 456K, committed 512K, reserved 1048576K
}
Event: 2.547 GC heap before
{Heap before GC invocations=2 (full 0):
 PSYoungGen      total 37888K, used 34225K [0x00000000d6900000, 0x00000000d9300000, 0x0000000100000000)
  eden space 32768K, 100% used [0x00000000d6900000,0x00000000d8900000,0x00000000d8900000)
  from space 5120K, 28% used [0x00000000d8900000,0x00000000d8a6c488,0x00000000d8e00000)
  to   space 5120K, 0% used [0x00000000d8e00000,0x00000000d8e00000,0x00000000d9300000)
 ParOldGen       total 86016K, used 8K [0x0000000083a00000, 0x0000000088e00000, 0x00000000d6900000)
  object space 86016K, 0% used [0x0000000083a00000,0x0000000083a02000,0x0000000088e00000)
 Metaspace       used 4566K, capacity 5615K, committed 5888K, reserved 1056768K
  class space    used 431K, capacity 456K, committed 512K, reserved 1048576K
Event: 2.548 GC heap after
Heap after GC invocations=2 (full 0):
 PSYoungGen      total 37888K, used 960K [0x00000000d6900000, 0x00000000db300000, 0x0000000100000000)
  eden space 32768K, 0% used [0x00000000d6900000,0x00000000d6900000,0x00000000d8900000)
  from space 5120K, 18% used [0x00000000d8e00000,0x00000000d8ef0000,0x00000000d9300000)
  to   space 5120K, 0% used [0x00000000d8900000,0x00000000d8900000,0x00000000d8e00000)
 ParOldGen       total 86016K, used 16K [0x0000000083a00000, 0x0000000088e00000, 0x00000000d6900000)
  object space 86016K, 0% used [0x0000000083a00000,0x0000000083a04000,0x0000000088e00000)
 Metaspace       used 4566K, capacity 5615K, committed 5888K, reserved 1056768K
  class space    used 431K, capacity 456K, committed 512K, reserved 1048576K
}
Event: 2.650 GC heap before
{Heap before GC invocations=3 (full 0):
 PSYoungGen      total 37888K, used 33728K [0x00000000d6900000, 0x00000000db300000, 0x0000000100000000)
  eden space 32768K, 100% used [0x00000000d6900000,0x00000000d8900000,0x00000000d8900000)
  from space 5120K, 18% used [0x00000000d8e00000,0x00000000d8ef0000,0x00000000d9300000)
  to   space 5120K, 0% used [0x00000000d8900000,0x00000000d8900000,0x00000000d8e00000)
 ParOldGen       total 86016K, used 16K [0x0000000083a00000, 0x0000000088e00000, 0x00000000d6900000)
  object space 86016K, 0% used [0x0000000083a00000,0x0000000083a04000,0x0000000088e00000)
 Metaspace       used 4566K, capacity 5615K, committed 5888K, reserved 1056768K
  class space    used 431K, capacity 456K, committed 512K, reserved 1048576K
Event: 2.653 GC heap after
Heap after GC invocations=3 (full 0):
 PSYoungGen      total 37888K, used 992K [0x00000000d6900000, 0x00000000db300000, 0x0000000100000000)
  eden space 32768K, 0% used [0x00000000d6900000,0x00000000d6900000,0x00000000d8900000)
  from space 5120K, 19% used [0x00000000d8900000,0x00000000d89f8000,0x00000000d8e00000)
  to   space 5120K, 0% used [0x00000000dae00000,0x00000000dae00000,0x00000000db300000)
 ParOldGen       total 86016K, used 16K [0x0000000083a00000, 0x0000000088e00000, 0x00000000d6900000)
  object space 86016K, 0% used [0x0000000083a00000,0x0000000083a04000,0x0000000088e00000)
 Metaspace       used 4566K, capacity 5615K, committed 5888K, reserved 1056768K
  class space    used 431K, capacity 456K, committed 512K, reserved 1048576K
}
Event: 2.712 GC heap before
{Heap before GC invocations=4 (full 0):
 PSYoungGen      total 37888K, used 33760K [0x00000000d6900000, 0x00000000db300000, 0x0000000100000000)
  eden space 32768K, 100% used [0x00000000d6900000,0x00000000d8900000,0x00000000d8900000)
  from space 5120K, 19% used [0x00000000d8900000,0x00000000d89f8000,0x00000000d8e00000)
  to   space 5120K, 0% used [0x00000000dae00000,0x00000000dae00000,0x00000000db300000)
 ParOldGen       total 86016K, used 16K [0x0000000083a00000, 0x0000000088e00000, 0x00000000d6900000)
  object space 86016K, 0% used [0x0000000083a00000,0x0000000083a04000,0x0000000088e00000)
 Metaspace       used 4567K, capacity 5615K, committed 5888K, reserved 1056768K
  class space    used 431K, capacity 456K, committed 512K, reserved 1048576K
Event: 2.723 GC heap after
Heap after GC invocations=4 (full 0):
 PSYoungGen      total 70656K, used 992K [0x00000000d6900000, 0x00000000db300000, 0x0000000100000000)
  eden space 65536K, 0% used [0x00000000d6900000,0x00000000d6900000,0x00000000da900000)
  from space 5120K, 19% used [0x00000000dae00000,0x00000000daef8000,0x00000000db300000)
  to   space 5120K, 0% used [0x00000000da900000,0x00000000da900000,0x00000000dae00000)
 ParOldGen       total 86016K, used 24K [0x0000000083a00000, 0x0000000088e00000, 0x00000000d6900000)
  object space 86016K, 0% used [0x0000000083a00000,0x0000000083a06000,0x0000000088e00000)
 Metaspace       used 4567K, capacity 5615K, committed 5888K, reserved 1056768K
  class space    used 431K, capacity 456K, committed 512K, reserved 1048576K
}

